<?xml version="1.0" encoding="UTF-8"?>
<!-- Generated by org.testng.reporters.JUnitXMLReporter -->
<testsuite ignored="0" hostname="XIPL91635" failures="0" tests="3" name="Default test" time="3.011" errors="0" timestamp="2022-02-14T14:01:09 IST">
  <testcase classname="API.test.Library_api" name="addbook" time="2.357"/>
  <testcase classname="API.test.Library_api" name="addbook" time="0.312"/>
  <testcase classname="API.test.Library_api" name="addbook" time="0.296"/>
</testsuite> <!-- Default test -->
