<?xml version="1.0" encoding="UTF-8"?>
<testng-results ignored="0" total="3" passed="3" failed="0" skipped="0">
  <reporter-output>
  </reporter-output>
  <suite started-at="2022-02-14T14:01:06 IST" name="Default suite" finished-at="2022-02-14T14:01:09 IST" duration-ms="3011">
    <groups>
    </groups>
    <test started-at="2022-02-14T14:01:06 IST" name="Default test" finished-at="2022-02-14T14:01:09 IST" duration-ms="3011">
      <class name="API.test.Library_api">
        <test-method signature="addbook(java.lang.String,java.lang.String)[pri:0, instance:API.test.Library_api@65f095f8]" started-at="2022-02-14T14:01:06 IST" name="addbook" data-provider="testdata" finished-at="2022-02-14T14:01:08 IST" duration-ms="2357" status="PASS">
          <params>
            <param index="0">
              <value>
                <![CDATA[don]]>
              </value>
            </param>
            <param index="1">
              <value>
                <![CDATA[568]]>
              </value>
            </param>
          </params>
          <reporter-output>
          </reporter-output>
        </test-method> <!-- addbook -->
        <test-method signature="addbook(java.lang.String,java.lang.String)[pri:0, instance:API.test.Library_api@65f095f8]" started-at="2022-02-14T14:01:08 IST" name="addbook" data-provider="testdata" finished-at="2022-02-14T14:01:08 IST" duration-ms="312" status="PASS">
          <params>
            <param index="0">
              <value>
                <![CDATA[hjj]]>
              </value>
            </param>
            <param index="1">
              <value>
                <![CDATA[5268]]>
              </value>
            </param>
          </params>
          <reporter-output>
          </reporter-output>
        </test-method> <!-- addbook -->
        <test-method signature="addbook(java.lang.String,java.lang.String)[pri:0, instance:API.test.Library_api@65f095f8]" started-at="2022-02-14T14:01:08 IST" name="addbook" data-provider="testdata" finished-at="2022-02-14T14:01:09 IST" duration-ms="296" status="PASS">
          <params>
            <param index="0">
              <value>
                <![CDATA[tyff]]>
              </value>
            </param>
            <param index="1">
              <value>
                <![CDATA[6588]]>
              </value>
            </param>
          </params>
          <reporter-output>
          </reporter-output>
        </test-method> <!-- addbook -->
      </class> <!-- API.test.Library_api -->
    </test> <!-- Default test -->
  </suite> <!-- Default suite -->
</testng-results>
